[debug] [2021-07-17T17:20:20.427Z] ----------------------------------------------------------------------
[debug] [2021-07-17T17:20:20.430Z] Command:       /usr/local/bin/node /usr/local/bin/firebase init
[debug] [2021-07-17T17:20:20.430Z] CLI Version:   9.16.0
[debug] [2021-07-17T17:20:20.430Z] Platform:      darwin
[debug] [2021-07-17T17:20:20.430Z] Node Version:  v14.17.1
[debug] [2021-07-17T17:20:20.432Z] Time:          Sat Jul 17 2021 18:20:20 GMT+0100 (West Africa Standard Time)
[debug] [2021-07-17T17:20:20.432Z] ----------------------------------------------------------------------
[debug] 
[debug] [2021-07-17T17:20:20.439Z] > command requires scopes: ["email","openid","https://www.googleapis.com/auth/cloudplatformprojects.readonly","https://www.googleapis.com/auth/firebase","https://www.googleapis.com/auth/cloud-platform"]
[debug] [2021-07-17T17:20:20.439Z] > authorizing via signed-in user (michaelisesele@gmail.com)
[info] 
     ######## #### ########  ######## ########     ###     ######  ########
     ##        ##  ##     ## ##       ##     ##  ##   ##  ##       ##
     ######    ##  ########  ######   ########  #########  ######  ######
     ##        ##  ##    ##  ##       ##     ## ##     ##       ## ##
     ##       #### ##     ## ######## ########  ##     ##  ######  ########

You're about to initialize a Firebase project in this directory:

  /Users/mac/webProjects/tinder/tinder-frontend

[info] 
=== Project Setup
[info] 
[info] First, let's associate this project directory with a Firebase project.
[info] You can create multiple project aliases by running firebase use --add, 
[info] but for now we'll just set up a default project.
[info] 
[debug] [2021-07-17T17:20:28.828Z] >>> [apiv2][query] GET https://firebase.googleapis.com/v1beta1/projects pageSize=100
[debug] [2021-07-17T17:20:29.477Z] <<< [apiv2][status] GET https://firebase.googleapis.com/v1beta1/projects 200
[debug] [2021-07-17T17:20:29.477Z] <<< [apiv2][body] GET https://firebase.googleapis.com/v1beta1/projects [omitted]
[info] i  Using project tinder-clone-90230 (tinder-clone) 
[info] 
=== Hosting Setup
[info] 
[info] Your public directory is the folder (relative to your project directory) that
[info] will contain Hosting assets to be uploaded with firebase deploy. If you
[info] have a build process for your assets, use your build's output directory.
[info] 
